<?xml version="1.0" encoding="UTF-8"?>
<!-- Generated by org.testng.reporters.JUnitXMLReporter -->
<testsuite ignored="2" hostname="DESKTOP-9B2JCSO" failures="1" tests="1" name="Default test(failed)" time="9.618" errors="0" timestamp="2022-12-23T08:52:15 IST">
  <testcase classname="org.testng.TestCase" name="bookHotel" time="3.074">
    <failure type="java.lang.AssertionError" message="expected [Book A Hotel] but found [Search Hotel (Fields marked with Red asterix (*) are mandatory)]">
      <![CDATA[java.lang.AssertionError: expected [Book A Hotel] but found [Search Hotel (Fields marked with Red asterix (*) are mandatory)]
at java.base/java.util.ArrayList.forEach(ArrayList.java:1541)
... Removed 34 stack frames]]>
    </failure>
  </testcase> <!-- bookHotel -->
  <testcase classname="org.testng.TestCase" name="selectHotel" time="0.0">
    <ignored/>
  </testcase> <!-- selectHotel -->
  <testcase classname="org.testng.TestCase" name="searchHotel" time="0.0">
    <ignored/>
  </testcase> <!-- searchHotel -->
</testsuite> <!-- Default test(failed) -->
